[2023-10-26 16:08:12,502: INFO: main: Welcome to our custom logger]
[2023-10-27 03:03:54,341: INFO: helper: yaml file: config/config.yaml loaded successfully]
[2023-10-27 03:03:54,350: INFO: helper: yaml file: params.yaml loaded successfully]
[2023-10-27 03:05:26,409: INFO: helper: yaml file: config/config.yaml loaded successfully]
[2023-10-27 03:05:26,411: INFO: helper: yaml file: params.yaml loaded successfully]
[2023-10-27 03:05:26,413: INFO: helper: yaml file: schema.yaml loaded successfully]
[2023-10-27 03:05:26,416: INFO: helper: created directory at: artifacts]
[2023-10-27 03:05:26,417: INFO: helper: created directory at: artifacts/data_ingestion]
[2023-10-27 03:05:58,495: INFO: helper: yaml file: config/config.yaml loaded successfully]
[2023-10-27 03:05:58,498: INFO: helper: yaml file: params.yaml loaded successfully]
[2023-10-27 03:05:58,501: INFO: helper: yaml file: schema.yaml loaded successfully]
[2023-10-27 03:05:58,503: INFO: helper: created directory at: artifacts]
[2023-10-27 03:05:58,503: INFO: helper: created directory at: artifacts/data_ingestion]
[2023-10-27 03:05:59,360: INFO: 1539763644: artifacts/data_ingestion/data.zip download! with following info: 
Connection: close
Content-Length: 23329
Cache-Control: max-age=300
Content-Security-Policy: default-src 'none'; style-src 'unsafe-inline'; sandbox
Content-Type: application/zip
ETag: "c69888a4ae59bc5a893392785a938ccd4937981c06ba8a9d6a21aa52b4ab5b6e"
Strict-Transport-Security: max-age=31536000
X-Content-Type-Options: nosniff
X-Frame-Options: deny
X-XSS-Protection: 1; mode=block
X-GitHub-Request-Id: 1FF2:1C0C60:59424:104157:653AF0D7
Accept-Ranges: bytes
Date: Thu, 26 Oct 2023 23:05:59 GMT
Via: 1.1 varnish
X-Served-By: cache-fjr990020-FJR
X-Cache: MISS
X-Cache-Hits: 0
X-Timer: S1698361559.184824,VS0,VE264
Vary: Authorization,Accept-Encoding,Origin
Access-Control-Allow-Origin: *
Cross-Origin-Resource-Policy: cross-origin
X-Fastly-Request-ID: 8e5bdc74b401f12001264944ef668096559400f0
Expires: Thu, 26 Oct 2023 23:10:59 GMT
Source-Age: 0

]
[2023-10-27 03:27:51,134: INFO: main: >>>>>> stage Data Ingestion stage started <<<<<<]
[2023-10-27 03:27:51,134: INFO: helper: yaml file: config/config.yaml loaded successfully]
[2023-10-27 03:27:51,135: INFO: helper: yaml file: params.yaml loaded successfully]
[2023-10-27 03:27:51,135: INFO: helper: yaml file: schema.yaml loaded successfully]
[2023-10-27 03:27:51,135: INFO: helper: created directory at: artifacts]
[2023-10-27 03:27:51,135: INFO: helper: created directory at: artifacts/data_ingestion]
[2023-10-27 03:27:51,136: INFO: data_ingestion: File already exists of size: ~ 23 KB]
[2023-10-27 03:27:51,139: INFO: main: >>>>>> stage Data Ingestion stage completed <<<<<<

x==========x]
[2023-10-27 03:45:08,658: INFO: main: >>>>>> stage Data Ingestion stage started <<<<<<]
[2023-10-27 03:45:08,659: INFO: helper: yaml file: config/config.yaml loaded successfully]
[2023-10-27 03:45:08,660: INFO: helper: yaml file: params.yaml loaded successfully]
[2023-10-27 03:45:08,661: INFO: helper: yaml file: schema.yaml loaded successfully]
[2023-10-27 03:45:08,661: INFO: helper: created directory at: artifacts]
[2023-10-27 03:45:08,661: INFO: helper: created directory at: artifacts/data_ingestion]
[2023-10-27 03:45:09,533: INFO: data_ingestion: artifacts/data_ingestion/data.zip download! with following info: 
Connection: close
Content-Length: 23329
Cache-Control: max-age=300
Content-Security-Policy: default-src 'none'; style-src 'unsafe-inline'; sandbox
Content-Type: application/zip
ETag: "c69888a4ae59bc5a893392785a938ccd4937981c06ba8a9d6a21aa52b4ab5b6e"
Strict-Transport-Security: max-age=31536000
X-Content-Type-Options: nosniff
X-Frame-Options: deny
X-XSS-Protection: 1; mode=block
X-GitHub-Request-Id: 1FF2:1C0C60:59424:104157:653AF0D7
Accept-Ranges: bytes
Date: Thu, 26 Oct 2023 23:45:09 GMT
Via: 1.1 varnish
X-Served-By: cache-fjr990028-FJR
X-Cache: HIT
X-Cache-Hits: 1
X-Timer: S1698363909.344394,VS0,VE373
Vary: Authorization,Accept-Encoding,Origin
Access-Control-Allow-Origin: *
Cross-Origin-Resource-Policy: cross-origin
X-Fastly-Request-ID: 816a78db0a04e0237babe2cfe5d12c7d772dc903
Expires: Thu, 26 Oct 2023 23:50:09 GMT
Source-Age: 0

]
[2023-10-27 03:45:09,537: INFO: main: >>>>>> stage Data Ingestion stage completed <<<<<<

x==========x]
[2023-10-27 06:23:46,469: INFO: helper: yaml file: config/config.yaml loaded successfully]
[2023-10-27 06:23:46,474: INFO: helper: yaml file: params.yaml loaded successfully]
[2023-10-27 06:23:46,476: INFO: helper: yaml file: schema.yaml loaded successfully]
[2023-10-27 06:23:46,477: INFO: helper: created directory at: artifacts]
[2023-10-27 06:24:18,792: INFO: helper: yaml file: config/config.yaml loaded successfully]
[2023-10-27 06:24:18,794: INFO: helper: yaml file: params.yaml loaded successfully]
[2023-10-27 06:24:18,795: INFO: helper: yaml file: schema.yaml loaded successfully]
[2023-10-27 06:24:18,796: INFO: helper: created directory at: artifacts]
[2023-10-27 06:24:33,017: INFO: helper: yaml file: config/config.yaml loaded successfully]
[2023-10-27 06:24:33,020: INFO: helper: yaml file: params.yaml loaded successfully]
[2023-10-27 06:24:33,021: INFO: helper: yaml file: schema.yaml loaded successfully]
[2023-10-27 06:24:33,022: INFO: helper: created directory at: artifacts]
[2023-10-27 06:28:55,321: INFO: helper: yaml file: config/config.yaml loaded successfully]
[2023-10-27 06:28:55,323: INFO: helper: yaml file: params.yaml loaded successfully]
[2023-10-27 06:28:55,325: INFO: helper: yaml file: schema.yaml loaded successfully]
[2023-10-27 06:28:55,326: INFO: helper: created directory at: artifacts]
[2023-10-27 06:29:48,779: INFO: helper: yaml file: config/config.yaml loaded successfully]
[2023-10-27 06:29:48,781: INFO: helper: yaml file: params.yaml loaded successfully]
[2023-10-27 06:29:48,783: INFO: helper: yaml file: schema.yaml loaded successfully]
[2023-10-27 06:29:48,784: INFO: helper: created directory at: artifacts]
[2023-10-27 06:29:48,784: INFO: helper: created directory at: artifacts/data_validation]
[2023-10-27 07:23:21,710: INFO: helper: yaml file: config/config.yaml loaded successfully]
[2023-10-27 07:23:21,711: INFO: helper: yaml file: params.yaml loaded successfully]
[2023-10-27 07:23:21,711: INFO: helper: yaml file: schema.yaml loaded successfully]
[2023-10-27 07:23:21,712: INFO: helper: created directory at: artifacts]
[2023-10-27 07:23:21,712: INFO: helper: created directory at: artifacts/data_validation]
[2023-10-27 07:25:29,526: INFO: main: >>>>>> stage Data Validation stage started <<<<<<]
[2023-10-27 07:25:29,527: INFO: helper: yaml file: config/config.yaml loaded successfully]
[2023-10-27 07:25:29,528: INFO: helper: yaml file: params.yaml loaded successfully]
[2023-10-27 07:25:29,528: INFO: helper: yaml file: schema.yaml loaded successfully]
[2023-10-27 07:25:29,529: INFO: helper: created directory at: artifacts]
[2023-10-27 07:25:29,529: INFO: helper: created directory at: artifacts/data_validation]
[2023-10-27 07:25:29,543: INFO: main: >>>>>> stage Data Validation stage completed <<<<<<x==========x]
[2023-10-27 11:30:46,502: INFO: helper: yaml file: config/config.yaml loaded successfully]
[2023-10-27 11:30:46,514: INFO: helper: yaml file: params.yaml loaded successfully]
[2023-10-27 11:30:46,516: INFO: helper: yaml file: schema.yaml loaded successfully]
[2023-10-27 11:30:46,517: INFO: helper: created directory at: artifacts]
[2023-10-27 12:01:21,856: INFO: helper: yaml file: config/config.yaml loaded successfully]
[2023-10-27 12:01:21,877: INFO: helper: yaml file: params.yaml loaded successfully]
[2023-10-27 12:01:21,880: INFO: helper: yaml file: schema.yaml loaded successfully]
[2023-10-27 12:01:21,882: INFO: helper: created directory at: artifacts]
[2023-10-27 12:01:21,882: INFO: helper: created directory at: artifacts/data_transformation]
[2023-10-27 12:01:38,213: INFO: helper: yaml file: config/config.yaml loaded successfully]
[2023-10-27 12:01:38,217: INFO: helper: yaml file: params.yaml loaded successfully]
[2023-10-27 12:01:38,218: INFO: helper: yaml file: schema.yaml loaded successfully]
[2023-10-27 12:01:38,219: INFO: helper: created directory at: artifacts]
[2023-10-27 12:01:38,219: INFO: helper: created directory at: artifacts/data_transformation]
[2023-10-27 12:01:38,241: INFO: 1900666425: Splited data into training and test sets]
[2023-10-27 12:01:38,243: INFO: 1900666425: (1199, 12)]
[2023-10-27 12:01:38,243: INFO: 1900666425: (400, 12)]
[2023-10-27 13:16:45,089: INFO: main: >>>>>> stage Data Validation stage started <<<<<<]
[2023-10-27 13:16:45,091: INFO: helper: yaml file: config/config.yaml loaded successfully]
[2023-10-27 13:16:45,092: INFO: helper: yaml file: params.yaml loaded successfully]
[2023-10-27 13:16:45,092: INFO: helper: yaml file: schema.yaml loaded successfully]
[2023-10-27 13:16:45,093: INFO: helper: created directory at: artifacts]
[2023-10-27 13:16:45,093: INFO: helper: created directory at: artifacts/data_transformation]
[2023-10-27 13:16:45,111: INFO: data_transformation: Splited data into training and test sets]
[2023-10-27 13:16:45,111: INFO: data_transformation: (1199, 12)]
[2023-10-27 13:16:45,111: INFO: data_transformation: (400, 12)]
[2023-10-27 13:16:45,111: INFO: main: >>>>>> stage Data Validation stage completed <<<<<<

x==========x]
[2023-11-02 00:11:00,751: INFO: helper: yaml file: config/config.yaml loaded successfully]
[2023-11-02 00:11:00,760: INFO: helper: yaml file: params.yaml loaded successfully]
[2023-11-02 00:11:00,777: INFO: helper: yaml file: schema.yaml loaded successfully]
[2023-11-02 00:11:00,781: INFO: helper: created directory at: artifacts]
[2023-11-02 00:11:00,788: INFO: helper: created directory at: artifacts/model_trainer]
[2023-11-02 00:35:14,027: INFO: main: >>>>>> stage Model Trainer stage started <<<<<<]
[2023-11-02 00:35:14,028: INFO: helper: yaml file: config/config.yaml loaded successfully]
[2023-11-02 00:35:14,029: INFO: helper: yaml file: params.yaml loaded successfully]
[2023-11-02 00:35:14,030: INFO: helper: yaml file: schema.yaml loaded successfully]
[2023-11-02 00:35:14,030: INFO: helper: created directory at: artifacts]
[2023-11-02 00:35:14,030: INFO: helper: created directory at: artifacts/model_trainer]
[2023-11-02 00:35:14,047: INFO: main: >>>>>> stage Model Trainer stage completed <<<<<<

x==========x]
[2023-11-02 14:18:06,128: INFO: helper: yaml file: config/config.yaml loaded successfully]
[2023-11-02 14:18:06,132: INFO: helper: yaml file: params.yaml loaded successfully]
[2023-11-02 14:18:06,133: INFO: helper: yaml file: schema.yaml loaded successfully]
[2023-11-02 14:18:06,134: INFO: helper: created directory at: artifacts]
[2023-11-02 14:18:06,134: INFO: helper: created directory at: artifacts/model_trainer]
[2023-11-02 14:18:21,463: INFO: helper: yaml file: config/config.yaml loaded successfully]
[2023-11-02 14:18:21,465: INFO: helper: yaml file: params.yaml loaded successfully]
[2023-11-02 14:18:21,467: INFO: helper: yaml file: schema.yaml loaded successfully]
[2023-11-02 14:18:21,467: INFO: helper: created directory at: artifacts]
[2023-11-02 14:18:21,468: INFO: helper: created directory at: artifacts/model_trainer]
[2023-11-02 14:18:40,010: INFO: helper: yaml file: config/config.yaml loaded successfully]
[2023-11-02 14:18:40,015: INFO: helper: yaml file: params.yaml loaded successfully]
[2023-11-02 14:18:40,018: INFO: helper: yaml file: schema.yaml loaded successfully]
[2023-11-02 14:18:40,019: INFO: helper: created directory at: artifacts]
[2023-11-02 14:18:40,020: INFO: helper: created directory at: artifacts/model_trainer]
[2023-11-02 14:37:10,175: INFO: helper: yaml file: config/config.yaml loaded successfully]
[2023-11-02 14:37:10,180: INFO: helper: yaml file: params.yaml loaded successfully]
[2023-11-02 14:37:10,181: INFO: helper: yaml file: schema.yaml loaded successfully]
[2023-11-02 14:37:10,182: INFO: helper: created directory at: artifacts]
[2023-11-02 14:37:10,182: INFO: helper: created directory at: artifacts/model_trainer]
[2023-11-02 14:39:12,368: INFO: helper: yaml file: config/config.yaml loaded successfully]
[2023-11-02 14:39:12,375: INFO: helper: yaml file: params.yaml loaded successfully]
[2023-11-02 14:39:12,383: INFO: helper: yaml file: schema.yaml loaded successfully]
[2023-11-02 14:39:12,398: INFO: helper: created directory at: artifacts]
[2023-11-02 14:39:12,398: INFO: helper: created directory at: artifacts/model_trainer]
[2023-11-02 14:39:12,860: INFO: helper: json file saved at: artifacts/model_evaluation/metrics.json]
[2023-11-02 14:46:05,828: INFO: helper: yaml file: config/config.yaml loaded successfully]
[2023-11-02 14:46:05,834: INFO: helper: yaml file: params.yaml loaded successfully]
[2023-11-02 14:46:05,837: INFO: helper: yaml file: schema.yaml loaded successfully]
[2023-11-02 14:46:05,838: INFO: helper: created directory at: artifacts]
[2023-11-02 14:46:05,839: INFO: helper: created directory at: artifacts/model_trainer]
[2023-11-02 14:48:57,064: INFO: helper: yaml file: config/config.yaml loaded successfully]
[2023-11-02 14:48:57,068: INFO: helper: yaml file: params.yaml loaded successfully]
[2023-11-02 14:48:57,071: INFO: helper: yaml file: schema.yaml loaded successfully]
[2023-11-02 14:48:57,072: INFO: helper: created directory at: artifacts]
[2023-11-02 14:48:57,074: INFO: helper: created directory at: artifacts/model_trainer]
[2023-11-02 14:48:57,135: INFO: helper: json file saved at: artifacts/model_trainer/metrics.json]
[2023-11-02 14:56:45,545: INFO: helper: yaml file: config/config.yaml loaded successfully]
[2023-11-02 14:56:45,551: INFO: helper: yaml file: params.yaml loaded successfully]
[2023-11-02 14:56:45,553: INFO: helper: yaml file: schema.yaml loaded successfully]
[2023-11-02 14:56:45,554: INFO: helper: created directory at: artifacts]
[2023-11-02 14:56:45,554: INFO: helper: created directory at: artifacts/model_trainer]
[2023-11-02 14:57:16,319: INFO: helper: yaml file: config/config.yaml loaded successfully]
[2023-11-02 14:57:16,320: INFO: helper: yaml file: params.yaml loaded successfully]
[2023-11-02 14:57:16,323: INFO: helper: yaml file: schema.yaml loaded successfully]
[2023-11-02 14:57:16,324: INFO: helper: created directory at: artifacts]
[2023-11-02 14:57:16,324: INFO: helper: created directory at: artifacts/model_trainer]
[2023-11-02 14:57:43,145: INFO: helper: yaml file: config/config.yaml loaded successfully]
[2023-11-02 14:57:43,146: INFO: helper: yaml file: params.yaml loaded successfully]
[2023-11-02 14:57:43,148: INFO: helper: yaml file: schema.yaml loaded successfully]
[2023-11-02 14:57:43,149: INFO: helper: created directory at: artifacts]
[2023-11-02 14:57:43,150: INFO: helper: created directory at: artifacts/model_trainer]
[2023-11-02 14:58:07,408: INFO: helper: yaml file: config/config.yaml loaded successfully]
[2023-11-02 14:58:07,410: INFO: helper: yaml file: params.yaml loaded successfully]
[2023-11-02 14:58:07,412: INFO: helper: yaml file: schema.yaml loaded successfully]
[2023-11-02 14:58:07,414: INFO: helper: created directory at: artifacts]
[2023-11-02 14:58:07,414: INFO: helper: created directory at: artifacts/model_trainer]
[2023-11-02 14:58:50,308: INFO: helper: yaml file: config/config.yaml loaded successfully]
[2023-11-02 14:58:50,310: INFO: helper: yaml file: params.yaml loaded successfully]
[2023-11-02 14:58:50,311: INFO: helper: yaml file: schema.yaml loaded successfully]
[2023-11-02 14:58:50,312: INFO: helper: created directory at: artifacts]
[2023-11-02 14:58:50,312: INFO: helper: created directory at: artifacts/model_trainer]
[2023-11-02 14:58:52,615: INFO: helper: json file saved at: artifacts/model_trainer/metrics.json]
[2023-11-02 15:03:07,191: INFO: helper: yaml file: config/config.yaml loaded successfully]
[2023-11-02 15:03:07,193: INFO: helper: yaml file: params.yaml loaded successfully]
[2023-11-02 15:03:07,196: INFO: helper: yaml file: schema.yaml loaded successfully]
[2023-11-02 15:03:07,196: INFO: helper: created directory at: artifacts]
[2023-11-02 15:03:07,197: INFO: helper: created directory at: artifacts/model_trainer]
[2023-11-02 15:22:40,541: INFO: helper: yaml file: config/config.yaml loaded successfully]
[2023-11-02 15:22:40,544: INFO: helper: yaml file: params.yaml loaded successfully]
[2023-11-02 15:22:40,548: INFO: helper: yaml file: schema.yaml loaded successfully]
[2023-11-02 15:22:40,549: INFO: helper: created directory at: artifacts]
[2023-11-02 15:22:40,549: INFO: helper: created directory at: artifacts/model_trainer]
[2023-11-02 15:23:08,563: INFO: helper: yaml file: config/config.yaml loaded successfully]
[2023-11-02 15:23:08,569: INFO: helper: yaml file: params.yaml loaded successfully]
[2023-11-02 15:23:08,575: INFO: helper: yaml file: schema.yaml loaded successfully]
[2023-11-02 15:23:08,587: INFO: helper: created directory at: artifacts]
[2023-11-02 15:23:08,588: INFO: helper: created directory at: artifacts/model_trainer]
[2023-11-02 15:23:10,871: INFO: helper: json file saved at: artifacts/model_trainer/metrics.json]
[2023-11-02 15:44:42,332: INFO: helper: yaml file: config/config.yaml loaded successfully]
[2023-11-02 15:44:42,334: INFO: helper: yaml file: params.yaml loaded successfully]
[2023-11-02 15:44:42,337: INFO: helper: yaml file: schema.yaml loaded successfully]
[2023-11-02 15:44:42,338: INFO: helper: created directory at: artifacts]
[2023-11-02 15:44:42,339: INFO: helper: created directory at: artifacts/model_trainer]
[2023-11-02 15:44:44,724: INFO: helper: json file saved at: artifacts/model_trainer/metrics.json]
[2023-11-02 15:44:47,392: INFO: credentials: Found credentials in shared credentials file: ~/.aws/credentials]
[2023-11-02 15:48:32,935: INFO: helper: yaml file: config/config.yaml loaded successfully]
[2023-11-02 15:48:32,937: INFO: helper: yaml file: params.yaml loaded successfully]
[2023-11-02 15:48:32,939: INFO: helper: yaml file: schema.yaml loaded successfully]
[2023-11-02 15:48:32,941: INFO: helper: created directory at: artifacts]
[2023-11-02 15:48:32,943: INFO: helper: created directory at: artifacts/model_trainer]
[2023-11-02 15:48:35,246: INFO: helper: json file saved at: artifacts/model_trainer/metrics.json]
[2023-11-02 15:48:40,041: INFO: credentials: Found credentials in shared credentials file: ~/.aws/credentials]
[2023-11-02 16:07:40,071: INFO: helper: yaml file: config/config.yaml loaded successfully]
[2023-11-02 16:07:40,074: INFO: helper: yaml file: params.yaml loaded successfully]
[2023-11-02 16:07:40,075: INFO: helper: yaml file: schema.yaml loaded successfully]
[2023-11-02 16:07:40,076: INFO: helper: created directory at: artifacts]
[2023-11-02 16:07:40,077: INFO: helper: created directory at: artifacts/model_trainer]
[2023-11-02 16:07:42,381: INFO: helper: json file saved at: artifacts/model_trainer/metrics.json]
[2023-11-02 16:07:47,484: INFO: credentials: Found credentials in shared credentials file: ~/.aws/credentials]
[2023-11-02 16:08:58,936: INFO: helper: yaml file: config/config.yaml loaded successfully]
[2023-11-02 16:08:58,939: INFO: helper: yaml file: params.yaml loaded successfully]
[2023-11-02 16:08:58,941: INFO: helper: yaml file: schema.yaml loaded successfully]
[2023-11-02 16:08:58,942: INFO: helper: created directory at: artifacts]
[2023-11-02 16:08:58,942: INFO: helper: created directory at: artifacts/model_trainer]
[2023-11-02 16:09:00,830: INFO: credentials: Found credentials in shared credentials file: ~/.aws/credentials]
[2023-11-02 16:09:04,568: INFO: helper: json file saved at: artifacts/model_trainer/metrics.json]
[2023-11-02 16:12:17,274: INFO: helper: yaml file: config/config.yaml loaded successfully]
[2023-11-02 16:12:17,280: INFO: helper: yaml file: params.yaml loaded successfully]
[2023-11-02 16:12:17,285: INFO: helper: yaml file: schema.yaml loaded successfully]
[2023-11-02 16:12:17,286: INFO: helper: created directory at: artifacts]
[2023-11-02 16:12:17,287: INFO: helper: created directory at: artifacts/model_trainer]
[2023-11-02 16:12:19,209: INFO: credentials: Found credentials in shared credentials file: ~/.aws/credentials]
[2023-11-02 16:12:21,387: INFO: helper: json file saved at: artifacts/model_trainer/metrics.json]
[2023-11-02 16:47:35,786: INFO: helper: yaml file: config/config.yaml loaded successfully]
[2023-11-02 16:47:35,790: INFO: helper: yaml file: params.yaml loaded successfully]
[2023-11-02 16:47:35,792: INFO: helper: yaml file: schema.yaml loaded successfully]
[2023-11-02 16:47:35,793: INFO: helper: created directory at: artifacts]
[2023-11-02 16:47:35,794: INFO: helper: created directory at: artifacts/model_trainer]
[2023-11-02 16:52:20,824: INFO: helper: yaml file: config/config.yaml loaded successfully]
[2023-11-02 16:52:20,827: INFO: helper: yaml file: params.yaml loaded successfully]
[2023-11-02 16:52:20,828: INFO: helper: yaml file: schema.yaml loaded successfully]
[2023-11-02 16:52:20,829: INFO: helper: created directory at: artifacts]
[2023-11-02 16:52:20,829: INFO: helper: created directory at: artifacts/model_trainer]
[2023-11-02 16:53:48,289: INFO: helper: yaml file: config/config.yaml loaded successfully]
[2023-11-02 16:53:48,294: INFO: helper: yaml file: params.yaml loaded successfully]
[2023-11-02 16:53:48,296: INFO: helper: yaml file: schema.yaml loaded successfully]
[2023-11-02 16:53:48,298: INFO: helper: created directory at: artifacts]
[2023-11-02 16:53:48,299: INFO: helper: created directory at: artifacts/model_trainer]
[2023-11-02 16:54:36,390: INFO: helper: yaml file: config/config.yaml loaded successfully]
[2023-11-02 16:54:36,392: INFO: helper: yaml file: params.yaml loaded successfully]
[2023-11-02 16:54:36,393: INFO: helper: yaml file: schema.yaml loaded successfully]
[2023-11-02 16:54:36,394: INFO: helper: created directory at: artifacts]
[2023-11-02 16:54:36,394: INFO: helper: created directory at: artifacts/model_trainer]
[2023-11-02 16:57:33,861: INFO: helper: yaml file: config/config.yaml loaded successfully]
[2023-11-02 16:57:33,863: INFO: helper: yaml file: params.yaml loaded successfully]
[2023-11-02 16:57:33,865: INFO: helper: yaml file: schema.yaml loaded successfully]
[2023-11-02 16:57:33,865: INFO: helper: created directory at: artifacts]
[2023-11-02 16:57:33,866: INFO: helper: created directory at: artifacts/model_trainer]
[2023-11-02 16:57:36,056: INFO: helper: json file saved at: artifacts/model_trainer/metrics.json]
[2023-11-02 16:57:40,825: INFO: credentials: Found credentials in shared credentials file: ~/.aws/credentials]
[2023-11-02 17:12:53,688: INFO: main: >>>>>> stage Model Trainer stage started <<<<<<]
[2023-11-02 17:12:53,690: INFO: helper: yaml file: config/config.yaml loaded successfully]
[2023-11-02 17:12:53,691: INFO: helper: yaml file: params.yaml loaded successfully]
[2023-11-02 17:12:53,692: INFO: helper: yaml file: schema.yaml loaded successfully]
[2023-11-02 17:12:53,692: INFO: helper: created directory at: artifacts]
[2023-11-02 17:12:53,692: INFO: helper: created directory at: artifacts/model_trainer]
[2023-11-02 17:12:55,892: INFO: helper: json file saved at: artifacts/model_trainer/metrics.json]
[2023-11-02 17:13:00,305: INFO: credentials: Found credentials in shared credentials file: ~/.aws/credentials]
[2023-11-02 17:13:05,376: INFO: main: >>>>>> stage Model Trainer stage completed <<<<<<

x==========x]
